<?xml version="1.0" encoding="UTF-8"?>
<testng-results ignored="0" total="2" passed="2" failed="0" skipped="0">
  <reporter-output>
  </reporter-output>
  <suite started-at="2024-09-26T12:56:07 IST" name="Suite" finished-at="2024-09-26T12:56:14 IST" duration-ms="6793">
    <groups>
    </groups>
    <test started-at="2024-09-26T12:56:07 IST" name="Test" finished-at="2024-09-26T12:56:14 IST" duration-ms="6793">
      <class name="tests.WebAppTest">
        <test-method signature="WebAppFirst()[pri:0, instance:tests.WebAppTest@6caf0677]" started-at="2024-09-26T12:56:08 IST" name="WebAppFirst" finished-at="2024-09-26T12:56:14 IST" duration-ms="6022" status="PASS">
          <reporter-output>
          </reporter-output>
        </test-method> <!-- WebAppFirst -->
      </class> <!-- tests.WebAppTest -->
      <class name="tests.DesktopAppTest">
        <test-method signature="FirstDesktopTest()[pri:0, instance:tests.DesktopAppTest@196a42c3]" started-at="2024-09-26T12:56:08 IST" name="FirstDesktopTest" finished-at="2024-09-26T12:56:14 IST" duration-ms="6753" status="PASS">
          <reporter-output>
          </reporter-output>
        </test-method> <!-- FirstDesktopTest -->
      </class> <!-- tests.DesktopAppTest -->
    </test> <!-- Test -->
  </suite> <!-- Suite -->
</testng-results>
